<?xml version="1.0" encoding="UTF-8"?>
<!-- Generated by org.testng.reporters.JUnitXMLReporter -->
<testsuite hostname="DESKTOP-6L8EOMF" name="Command line test" tests="31" failures="2" timestamp="24 Nov 2017 05:17:21 GMT" time="2.685" errors="0">
  <testcase name="testBeanRetrieve" time="0.002" classname="com.smart.simple.BeanRetrieveTest"/>
  <testcase name="registerBean" time="0.0" classname="com.smart.dynamic.CustomSchemaTest"/>
  <testcase name="testAutoByName" time="0.0" classname="com.smart.auto.AutowireTest"/>
  <testcase name="testBoss" time="0.0" classname="com.smart.ditype.DiTypeTest"/>
  <testcase name="testCar3" time="0.001" classname="com.smart.ditype.DiTypeTest"/>
  <testcase name="testCar4" time="0.0" classname="com.smart.ditype.DiTypeTest"/>
  <testcase name="testCar5" time="0.0" classname="com.smart.ditype.DiTypeTest"/>
  <testcase name="testCar6" time="0.0" classname="com.smart.ditype.DiTypeTest"/>
  <testcase name="testCar" time="0.0" classname="com.smart.ditype.DiTypeTest"/>
  <testcase name="testCar1" time="0.007" classname="com.smart.ditype.DiTypeTest"/>
  <testcase name="testCascadeAttr" time="0.0" classname="com.smart.attr.BeanAttrDITest"/>
  <testcase name="testBeanRetrieveChildBoss" time="0.001" classname="com.smart.attr.BeanAttrDITest"/>
  <testcase name="testBeanRetrieveBoss" time="0.002" classname="com.smart.attr.BeanAttrDITest">
    <failure type="java.lang.AssertionError" message="expected [true] but found [false]">
      <![CDATA[java.lang.AssertionError: expected [true] but found [false]
	at com.smart.attr.BeanAttrDITest.testBeanRetrieveBoss(BeanAttrDITest.java:30)
	at java.util.concurrent.ThreadPoolExecutor.runWorker(ThreadPoolExecutor.java:1149)
	at java.util.concurrent.ThreadPoolExecutor$Worker.run(ThreadPoolExecutor.java:624)
	at java.lang.Thread.run(Thread.java:748)
... Removed 14 stack frames]]>
    </failure>
  </testcase> <!-- testBeanRetrieveBoss -->
  <testcase name="testBeanRetrieveCar" time="0.032" classname="com.smart.attr.BeanAttrDITest"/>
  <testcase name="testBeanRetrieveBoss1" time="0.053" classname="com.smart.attr.BeanAttrDITest"/>
  <testcase name="testBeanRetrieveBoss3" time="0.064" classname="com.smart.attr.BeanAttrDITest">
    <failure type="org.springframework.beans.factory.NoSuchBeanDefinitionException" message="No bean named &amp;apos;boss3&amp;apos; is defined">
      <![CDATA[org.springframework.beans.factory.NoSuchBeanDefinitionException: No bean named 'boss3' is defined
	at org.springframework.beans.factory.support.DefaultListableBeanFactory.getBeanDefinition(DefaultListableBeanFactory.java:698)
	at org.springframework.beans.factory.support.AbstractBeanFactory.getMergedLocalBeanDefinition(AbstractBeanFactory.java:1174)
	at org.springframework.beans.factory.support.AbstractBeanFactory.doGetBean(AbstractBeanFactory.java:283)
	at org.springframework.beans.factory.support.AbstractBeanFactory.getBean(AbstractBeanFactory.java:196)
	at org.springframework.context.support.AbstractApplicationContext.getBean(AbstractApplicationContext.java:1048)
	at com.smart.attr.BeanAttrDITest.testBeanRetrieveBoss3(BeanAttrDITest.java:35)
	at java.util.concurrent.ThreadPoolExecutor.runWorker(ThreadPoolExecutor.java:1149)
	at java.util.concurrent.ThreadPoolExecutor$Worker.run(ThreadPoolExecutor.java:624)
	at java.lang.Thread.run(Thread.java:748)
... Removed 10 stack frames]]>
    </failure>
  </testcase> <!-- testBeanRetrieveBoss3 -->
  <testcase name="registerBean" time="0.0" classname="com.smart.dynamic.DynamicBeanTest"/>
  <testcase name="parent" time="0.08" classname="com.smart.attr.ParentContainerBeanTest"/>
  <testcase name="testReplace" time="0.001" classname="com.smart.injectfun.InjectFunTest"/>
  <testcase name="testLookup" time="0.001" classname="com.smart.injectfun.InjectFunTest"/>
  <testcase name="testAutoByName" time="0.001" classname="com.smart.anno.AnnoAutowireTest"/>
  <testcase name="testReferenceTag" time="0.001" classname="com.smart.tagdepend.TagDependTest"/>
  <testcase name="testInheritTag" time="0.0" classname="com.smart.tagdepend.TagDependTest"/>
  <testcase name="testCarFactoryBean" time="0.001" classname="com.smart.fb.FactoryBeanTest"/>
  <testcase name="testCollFactoryBean" time="0.002" classname="com.smart.fb.FactoryBeanTest"/>
  <testcase name="testFieldFactoryBean" time="0.005" classname="com.smart.fb.FactoryBeanTest"/>
  <testcase name="testPropPathFactoryBean" time="0.005" classname="com.smart.fb.FactoryBeanTest"/>
  <testcase name="testInject" time="0.0" classname="com.smart.scope.ScopeTest"/>
  <testcase name="testGetBean" time="0.003" classname="com.smart.scope.ScopeTest"/>
  <testcase name="load" time="0.0" classname="com.smart.anno.MyComponentTest"/>
  <testcase name="getBean" time="1.913" classname="com.smart.groovy.LogonServiceTest"/>
</testsuite> <!-- Command line test -->
